<?xml version="1.0" encoding="UTF-8"?>
<!-- Generated by org.testng.reporters.JUnitReportReporter -->
<testsuite hostname="DESKTOP-01H70DH" failures="0" tests="1" name="ProductTest.ProductTest" time="0.013" errors="0" timestamp="2022-03-15T07:52:34 IST" skipped="0">
  <testcase classname="ProductTest.ProductTest" name="createProductTest" time="0.013"/>
  <system-out/>
</testsuite> <!-- ProductTest.ProductTest -->
